<?xml version='1.0' encoding='UTF-8'?>
<testsuite hostname="DESKTOP-GN592BB" name="br.unb.cic.flang.SubstitutionTest" tests="5" errors="0" failures="0" skipped="0" time="0.011" timestamp="2024-07-31T20:30:41">
          <properties>
      <property name="jline.esc.timeout" value="0"/><property name="java.runtime.name" value="Java(TM) SE Runtime Environment"/><property name="sun.boot.library.path" value="C:\Program Files (x86)\Java\jre-1.8\bin"/><property name="java.vm.version" value="25.381-b09"/><property name="java.vm.vendor" value="Oracle Corporation"/><property name="java.vendor.url" value="http://java.oracle.com/"/><property name="path.separator" value=";"/><property name="jna.loaded" value="true"/><property name="java.vm.name" value="Java HotSpot(TM) Client VM"/><property name="file.encoding.pkg" value="sun.io"/><property name="user.country" value="BR"/><property name="user.script" value=""/><property name="sun.java.launcher" value="SUN_STANDARD"/><property name="sun.os.patch.level" value=""/><property name="jna.nosys" value="true"/><property name="java.vm.specification.name" value="Java Virtual Machine Specification"/><property name="user.dir" value="C:\Users\leoma\Trabalho2TP2"/><property name="java.runtime.version" value="1.8.0_381-b09"/><property name="java.awt.graphicsenv" value="sun.awt.Win32GraphicsEnvironment"/><property name="java.endorsed.dirs" value="C:\Program Files (x86)\Java\jre-1.8\lib\endorsed"/><property name="os.arch" value="x86"/><property name="java.io.tmpdir" value="C:\Users\leoma\AppData\Local\Temp\"/><property name="line.separator" value="
"/><property name="java.vm.specification.vendor" value="Oracle Corporation"/><property name="log4j.ignoreTCL" value="true"/><property name="user.variant" value=""/><property name="os.name" value="Windows 11"/><property name="sun.jnu.encoding" value="Cp1252"/><property name="jnidispatch.path" value="C:\Users\leoma\AppData\Local\Temp\jna-102859306\jna3312959900594871797.dll"/><property name="java.library.path" value="C:\Program Files (x86)\Common Files\Oracle\Java\javapath;C:\WINDOWS\Sun\Java\bin;C:\WINDOWS\system32;C:\WINDOWS;C:\Program Files (x86)\Common Files\Oracle\Java\javapath;C:\Program Files\Rockwell Software\RSCommon;C:\WINDOWS\system32;C:\WINDOWS;C:\WINDOWS\System32\Wbem;C:\WINDOWS\System32\WindowsPowerShell\v1.0\;C:\WINDOWS\System32\OpenSSH\;D:\MatLab\runtime\win64;D:\MatLab\bin;D:\MatLab\polyspace\bin;C:\Program Files\Git\cmd;C:\Program Files\Git LFS;C:\Program Files\PuTTY\;C:\Users\leoma\miniconda3;C:\Users\leoma\miniconda3\Library\mingw-w64\bin;C:\Users\leoma\miniconda3\Library\usr\bin;C:\Users\leoma\miniconda3\Library\bin;C:\Users\leoma\miniconda3\Scripts;C:\Users\leoma\AppData\Local\Microsoft\WindowsApps;C:\Users\leoma\AppData\Local\Programs\Microsoft VS Code\bin;C:\Program Files\JetBrains\IntelliJ IDEA 2024.1\bin;;C:\Users\leoma\AppData\Local\Coursier\data\bin;."/><property name="java.specification.name" value="Java Platform API Specification"/><property name="java.class.version" value="52.0"/><property name="sbt.ipcsocket.tmpdir" value="C:\Users\leoma\AppData\Local\Temp\.sbtf0cfb1ed\ipcsocket"/><property name="sun.management.compiler" value="HotSpot Client Compiler"/><property name="os.version" value="10.0"/><property name="swoval.tmpdir" value="C:\Users\leoma\AppData\Local\Temp\.sbtf0cfb1ed\swoval"/><property name="user.home" value="C:\Users\leoma"/><property name="user.timezone" value="America/Sao_Paulo"/><property name="java.awt.printerjob" value="sun.awt.windows.WPrinterJob"/><property name="file.encoding" value="UTF-8"/><property name="java.specification.version" value="1.8"/><property name="java.class.path" value="C:\Users\leoma\AppData\Local\Coursier\cache\arc\https\github.com\sbt\sbt\releases\download\v1.10.1\sbt-1.10.1.zip\sbt\bin\sbt-launch.jar"/><property name="user.name" value="leoma"/><property name="jline.shutdownhook" value="false"/><property name="java.vm.specification.version" value="1.8"/><property name="sun.java.command" value="xsbt.boot.Boot"/><property name="java.home" value="C:\Program Files (x86)\Java\jre-1.8"/><property name="sun.arch.data.model" value="32"/><property name="user.language" value="pt"/><property name="java.specification.vendor" value="Oracle Corporation"/><property name="awt.toolkit" value="sun.awt.windows.WToolkit"/><property name="java.vm.info" value="mixed mode, sharing"/><property name="java.version" value="1.8.0_381"/><property name="java.ext.dirs" value="C:\Program Files (x86)\Java\jre-1.8\lib\ext;C:\WINDOWS\Sun\Java\lib\ext"/><property name="sun.boot.class.path" value="C:\Program Files (x86)\Java\jre-1.8\lib\resources.jar;C:\Program Files (x86)\Java\jre-1.8\lib\rt.jar;C:\Program Files (x86)\Java\jre-1.8\lib\jsse.jar;C:\Program Files (x86)\Java\jre-1.8\lib\jce.jar;C:\Program Files (x86)\Java\jre-1.8\lib\charsets.jar;C:\Program Files (x86)\Java\jre-1.8\lib\jfr.jar;C:\Program Files (x86)\Java\jre-1.8\classes"/><property name="java.vendor" value="Oracle Corporation"/><property name="sun.stderr.encoding" value="cp850"/><property name="java.specification.maintenance.version" value="5"/><property name="file.separator" value="\"/><property name="java.vendor.url.bug" value="http://bugreport.sun.com/bugreport/"/><property name="sun.io.unicode.encoding" value="UnicodeLittle"/><property name="sun.cpu.endian" value="little"/><property name="sun.stdout.encoding" value="cp850"/><property name="sun.desktop" value="windows"/><property name="sun.cpu.isalist" value="pentium_pro+mmx pentium_pro pentium+mmx pentium i486 i386 i86"/>
    </properties>
          <testcase classname="br.unb.cic.flang.SubstitutionTest" name="substitute x by CInt(5) in CInt(10) should return the int constant 10." time="0.011">
                      
                    </testcase><testcase classname="br.unb.cic.flang.SubstitutionTest" name="substitute x by CInt(5) in Id('x') should return the int constant 5." time="0.0">
                      
                    </testcase><testcase classname="br.unb.cic.flang.SubstitutionTest" name="substitute x by CInt(5) in Id('y') should return Id('y')." time="0.0">
                      
                    </testcase><testcase classname="br.unb.cic.flang.SubstitutionTest" name="substitute x by CInt(5) in Add(CInt(10), Id('x')) should return Add(CInt(10), CInt(5))" time="0.0">
                      
                    </testcase><testcase classname="br.unb.cic.flang.SubstitutionTest" name="substitute x by CInt(5) in Add(CInt(10), Add(Id('x'), Id('x'))) should return Add(CInt(10), Add(CInt(5), CInt(5)))" time="0.0">
                      
                    </testcase>
          <system-out><![CDATA[]]></system-out>
          <system-err><![CDATA[]]></system-err>
        </testsuite>