<?xml version='1.0' encoding='UTF-8'?>
<testsuite hostname="DESKTOP-PL3J36T" name="br.unb.cic.flang.SubstitutionTest" tests="5" errors="0" failures="0" skipped="0" time="0.016" timestamp="2024-07-22T22:28:40">
          <properties>
      <property name="jline.esc.timeout" value="0"/><property name="java.runtime.name" value="Java(TM) SE Runtime Environment"/><property name="sun.boot.library.path" value="C:\Program Files (x86)\Java\jre1.8.0_331\bin"/><property name="java.vm.version" value="25.331-b09"/><property name="java.vm.vendor" value="Oracle Corporation"/><property name="java.vendor.url" value="http://java.oracle.com/"/><property name="path.separator" value=";"/><property name="jna.loaded" value="true"/><property name="java.vm.name" value="Java HotSpot(TM) Client VM"/><property name="file.encoding.pkg" value="sun.io"/><property name="user.country" value="BR"/><property name="user.script" value=""/><property name="sun.java.launcher" value="SUN_STANDARD"/><property name="sun.os.patch.level" value=""/><property name="jna.nosys" value="true"/><property name="java.vm.specification.name" value="Java Virtual Machine Specification"/><property name="user.dir" value="C:\Users\newlo\Downloads\trabalho de TP2\Nova pasta\FLanguage"/><property name="java.runtime.version" value="1.8.0_331-b09"/><property name="java.awt.graphicsenv" value="sun.awt.Win32GraphicsEnvironment"/><property name="java.endorsed.dirs" value="C:\Program Files (x86)\Java\jre1.8.0_331\lib\endorsed"/><property name="os.arch" value="x86"/><property name="java.io.tmpdir" value="C:\Users\newlo\AppData\Local\Temp\"/><property name="line.separator" value="
"/><property name="java.vm.specification.vendor" value="Oracle Corporation"/><property name="log4j.ignoreTCL" value="true"/><property name="user.variant" value=""/><property name="os.name" value="Windows 11"/><property name="sun.jnu.encoding" value="Cp1252"/><property name="jnidispatch.path" value="C:\Users\newlo\AppData\Local\Temp\jna-104714019\jna7144040124080693934.dll"/><property name="java.library.path" value="C:\Program Files (x86)\Common Files\Oracle\Java\javapath;C:\WINDOWS\Sun\Java\bin;C:\WINDOWS\system32;C:\WINDOWS;C:\Python310\Scripts\;C:\Python310\;C:\Program Files (x86)\Common Files\Oracle\Java\javapath;C:\Windows\system32;C:\Windows;C:\Windows\System32\Wbem;C:\Windows\System32\WindowsPowerShell\v1.0\;C:\Windows\System32\OpenSSH\;C:\Program Files (x86)\NVIDIA Corporation\PhysX\Common;C:\Program Files\NVIDIA Corporation\NVIDIA NvDLISR;C:\Users\newlo\AppData\Local\bin\NASM;C:\Program Files (x86)\OpenSSL\bin;C:\Program Files\Git\cmd;C:\WINDOWS\system32;C:\WINDOWS;C:\WINDOWS\System32\Wbem;C:\WINDOWS\System32\WindowsPowerShell\v1.0\;C:\WINDOWS\System32\OpenSSH\;C:\Program Files\dotnet\;C:\Program Files\nodejs\;C:\ProgramData\chocolatey\bin;C:\Program Files (x86)\sbt\bin;C:\Users\newlo\AppData\Local\Microsoft\WindowsApps;C:\Program Files\JetBrains\RubyMine 2020.3.2\bin;C:\Users\newlo\AppData\Roaming\npm;C:\altera\13.1\modelsim_ase\win32aloem;."/><property name="java.specification.name" value="Java Platform API Specification"/><property name="java.class.version" value="52.0"/><property name="sbt.ipcsocket.tmpdir" value="C:\Users\newlo\AppData\Local\Temp\.sbtba616d68\ipcsocket"/><property name="sun.management.compiler" value="HotSpot Client Compiler"/><property name="os.version" value="10.0"/><property name="swoval.tmpdir" value="C:\Users\newlo\AppData\Local\Temp\.sbtba616d68\swoval"/><property name="user.home" value="C:\Users\newlo"/><property name="user.timezone" value="America/Sao_Paulo"/><property name="java.awt.printerjob" value="sun.awt.windows.WPrinterJob"/><property name="file.encoding" value="UTF-8"/><property name="java.specification.version" value="1.8"/><property name="java.class.path" value="C:\Program Files (x86)\sbt\\bin\sbt-launch.jar"/><property name="user.name" value="newlo"/><property name="jline.shutdownhook" value="false"/><property name="java.vm.specification.version" value="1.8"/><property name="sun.java.command" value="xsbt.boot.Boot test"/><property name="java.home" value="C:\Program Files (x86)\Java\jre1.8.0_331"/><property name="sun.arch.data.model" value="32"/><property name="user.language" value="pt"/><property name="java.specification.vendor" value="Oracle Corporation"/><property name="awt.toolkit" value="sun.awt.windows.WToolkit"/><property name="java.vm.info" value="mixed mode"/><property name="java.version" value="1.8.0_331"/><property name="java.ext.dirs" value="C:\Program Files (x86)\Java\jre1.8.0_331\lib\ext;C:\WINDOWS\Sun\Java\lib\ext"/><property name="sun.boot.class.path" value="C:\Program Files (x86)\Java\jre1.8.0_331\lib\resources.jar;C:\Program Files (x86)\Java\jre1.8.0_331\lib\rt.jar;C:\Program Files (x86)\Java\jre1.8.0_331\lib\sunrsasign.jar;C:\Program Files (x86)\Java\jre1.8.0_331\lib\jsse.jar;C:\Program Files (x86)\Java\jre1.8.0_331\lib\jce.jar;C:\Program Files (x86)\Java\jre1.8.0_331\lib\charsets.jar;C:\Program Files (x86)\Java\jre1.8.0_331\lib\jfr.jar;C:\Program Files (x86)\Java\jre1.8.0_331\classes"/><property name="java.vendor" value="Oracle Corporation"/><property name="sun.stderr.encoding" value="cp850"/><property name="file.separator" value="\"/><property name="java.vendor.url.bug" value="http://bugreport.sun.com/bugreport/"/><property name="sun.io.unicode.encoding" value="UnicodeLittle"/><property name="sun.cpu.endian" value="little"/><property name="sun.stdout.encoding" value="cp850"/><property name="sun.desktop" value="windows"/><property name="sun.cpu.isalist" value="pentium_pro+mmx pentium_pro pentium+mmx pentium i486 i386 i86"/>
    </properties>
          <testcase classname="br.unb.cic.flang.SubstitutionTest" name="substitute x by CInt(5) in CInt(10) should return the int constant 10." time="0.016">
                      
                    </testcase><testcase classname="br.unb.cic.flang.SubstitutionTest" name="substitute x by CInt(5) in Id('x') should return the int constant 5." time="0.0">
                      
                    </testcase><testcase classname="br.unb.cic.flang.SubstitutionTest" name="substitute x by CInt(5) in Id('y') should return Id('y')." time="0.0">
                      
                    </testcase><testcase classname="br.unb.cic.flang.SubstitutionTest" name="substitute x by CInt(5) in Add(CInt(10), Id('x')) should return Add(CInt(10), CInt(5))" time="0.0">
                      
                    </testcase><testcase classname="br.unb.cic.flang.SubstitutionTest" name="substitute x by CInt(5) in Add(CInt(10), Add(Id('x'), Id('x'))) should return Add(CInt(10), Add(CInt(5), CInt(5)))" time="0.0">
                      
                    </testcase>
          <system-out><![CDATA[]]></system-out>
          <system-err><![CDATA[]]></system-err>
        </testsuite>